build/app/outputs/mapping/release/usage.txt
br.com.klowdy.previsao_do_tempo.R$styleable
br.com.klowdy.previsao_do_tempo.R$id
br.com.klowdy.previsao_do_tempo.R$string
br.com.klowdy.previsao_do_tempo.R$drawable
br.com.klowdy.previsao_do_tempo.R$color
br.com.klowdy.previsao_do_tempo.R$mipmap
br.com.klowdy.previsao_do_tempo.R$dimen
br.com.klowdy.previsao_do_tempo.R$style
br.com.klowdy.previsao_do_tempo.R
br.com.klowdy.previsao_do_tempo.R$layout
br.com.klowdy.previsao_do_tempo.R$attr
br.com.klowdy.previsao_do_tempo.BuildConfig
br.com.klowdy.previsao_do_tempo.R$integer
...
com.google.common.collect.MultimapBuilder$4
androidx.loader.content.ModernAsyncTask$AsyncTaskResult
io.flutter.embedding.engine.deferredcomponents.PlayStoreDeferredComponentManager$FeatureInstallStateUpdatedListener
com.google.common.util.concurrent.WrappingExecutorService$1
kotlin.collections.AbstractMap$keys$1$iterator$1
kotlin.jvm.internal.BooleanCompanionObject
io.flutter.embedding.engine.systemchannels.SystemChannel:
    private static final java.lang.String TAG
com.google.common.collect.Comparators
com.google.common.collect.ImmutableSet$SerializedForm
androidx.lifecycle.Lifecycling$1:
    void <init>(androidx.lifecycle.LifecycleEventObserver)
com.google.common.collect.Synchronized$SynchronizedQueue
androidx.fragment.app.FragmentViewLifecycleOwner
com.google.common.collect.ImmutableList$ReverseImmutableList
kotlin.sequences.SequencesKt__SequencesKt$generateSequence$2
androidx.core.content.ContextCompat$MainHandlerExecutor
com.google.common.reflect.TypeToken$TypeFilter
androidx.lifecycle.ViewModelProvider$KeyedFactory
androidx.core.view.accessibility.AccessibilityViewCommand$SetTextArguments
androidx.fragment.app.Fragment$2:
    void <init>(androidx.fragment.app.Fragment)
androidx.fragment.app.FragmentTransaction$Op
com.google.common.escape.Escapers$2
androidx.core.view.ViewConfigurationCompat
kotlin.reflect.KType
com.google.common.collect.LinkedHashMultimap
com.google.common.collect.ImmutableMapValues
kotlin.UIntArrayKt
com.google.common.collect.Lists$StringAsImmutableList
com.google.common.util.concurrent.ForwardingFuture
com.google.j2objc.annotations.Property
androidx.annotation.DimenRes
com.google.common.collect.MapMakerInternalMap$EntryIterator
androidx.fragment.R$layout
androidx.core.app.NotificationCompat$MessagingStyle
com.google.errorprone.annotations.CompileTimeConstant
com.google.common.graph.ConfigurableNetwork
com.google.common.collect.ForwardingMap$StandardEntrySet
kotlin.coroutines.experimental.migration.ExperimentalContextMigration
com.google.common.graph.MutableGraph
kotlin.native.concurrent.SharedImmutable
androidx.loader.R$drawable
com.google.common.collect.ImmutableListMultimap$Builder
com.google.common.collect.ImmutableSortedMap$Builder
com.google.common.collect.CompactHashMap$MapEntry
com.google.common.collect.Maps$NavigableAsMapView
com.google.common.collect.AbstractMapBasedMultimap$WrappedNavigableSet
com.google.common.cache.Striped64$1
kotlin.io.FileTreeWalk$WalkState
com.google.common.base.Joiner$1
com.google.common.collect.Maps$1
com.google.common.cache.LocalCache$WeightedStrongValueReference
com.google.common.collect.LinkedListMultimap$DistinctKeyIterator
com.google.common.util.concurrent.Striped
kotlin.coroutines.experimental.migration.ExperimentalContextMigration$Key
kotlin.jvm.internal.Intrinsics
com.google.common.primitives.Booleans
com.google.common.collect.FilteredKeySetMultimap$EntrySet
com.google.common.collect.ImmutableMultiset$EntrySet
kotlin.random.AbstractPlatformRandom
androidx.core.provider.FontsContractCompat$2
com.google.common.collect.Multisets$3
com.google.common.collect.Iterators$5
com.google.common.collect.TreeMultiset$1
kotlin.jvm.internal.IntCompanionObject
com.google.common.primitives.Floats$FloatConverter
com.google.common.collect.ImmutableSortedSet
com.google.common.base.Functions
io.flutter.embedding.engine.mutatorsstack.FlutterMutatorsStack$FlutterMutator:
    public void <init>(io.flutter.embedding.engine.mutatorsstack.FlutterMutatorsStack,android.graphics.Path)
    public io.flutter.embedding.engine.mutatorsstack.FlutterMutatorsStack$FlutterMutatorType getType()
    public android.graphics.Rect getRect()
    public android.graphics.Path getPath()
    private android.graphics.Path path
com.google.common.base.Joiner
io.flutter.embedding.android.FlutterImageView:
    public void <init>(android.content.Context)
    public void <init>(android.content.Context,android.util.AttributeSet)
com.google.common.io.ReaderInputStream